This is pdfTeX, Version 3.1415926-1.40.10 (TeX Live 2009/Debian) (format=pdflatex 2012.1.24)  6 MAR 2012 17:21
entering extended mode
 %&-line parsing enabled.
**2012-03-05-IMITATOR-FM.tex
(./2012-03-05-IMITATOR-FM.tex
LaTeX2e <2009/09/24>
Babel <v3.8l> and hyphenation patterns for english, usenglishmax, dumylang, noh
yphenation, farsi, arabic, croatian, bulgarian, ukrainian, russian, czech, slov
ak, danish, dutch, finnish, french, basque, ngerman, german, german-x-2009-06-1
9, ngerman-x-2009-06-19, ibycus, monogreek, greek, ancientgreek, hungarian, san
skrit, italian, latin, latvian, lithuanian, mongolian2a, mongolian, bokmal, nyn
orsk, romanian, irish, coptic, serbian, turkish, welsh, esperanto, uppersorbian
, estonian, indonesian, interlingua, icelandic, kurmanji, slovenian, polish, po
rtuguese, spanish, galician, catalan, swedish, ukenglish, pinyin, loaded.
(/usr/local/share/texmf-updates/tex/latex/llncs-2.17/llncs.cls
Document Class: llncs 2010/07/12 v2.17 
 LaTeX document class for Lecture Notes in Computer Science
(/usr/share/texmf-texlive/tex/latex/base/article.cls
Document Class: article 2007/10/19 v1.4h Standard LaTeX document class
(/usr/share/texmf-texlive/tex/latex/base/size10.clo
File: size10.clo 2007/10/19 v1.4h Standard LaTeX file (size option)
)
\c@part=\count79
\c@section=\count80
\c@subsection=\count81
\c@subsubsection=\count82
\c@paragraph=\count83
\c@subparagraph=\count84
\c@figure=\count85
\c@table=\count86
\abovecaptionskip=\skip41
\belowcaptionskip=\skip42
\bibindent=\dimen102
)
(/usr/share/texmf-texlive/tex/latex/tools/multicol.sty
Package: multicol 2008/12/05 v1.6h multicolumn formatting (FMi)
\c@tracingmulticols=\count87
\mult@box=\box26
\multicol@leftmargin=\dimen103
\c@unbalance=\count88
\c@collectmore=\count89
\doublecol@number=\count90
\multicoltolerance=\count91
\multicolpretolerance=\count92
\full@width=\dimen104
\page@free=\dimen105
\premulticols=\dimen106
\postmulticols=\dimen107
\multicolsep=\skip43
\multicolbaselineskip=\skip44
\partial@page=\box27
\last@line=\box28
\mult@rightbox=\box29
\mult@grightbox=\box30
\mult@gfirstbox=\box31
\mult@firstbox=\box32
\@tempa=\box33
\@tempa=\box34
\@tempa=\box35
\@tempa=\box36
\@tempa=\box37
\@tempa=\box38
\@tempa=\box39
\@tempa=\box40
\@tempa=\box41
\@tempa=\box42
\@tempa=\box43
\@tempa=\box44
\@tempa=\box45
\@tempa=\box46
\@tempa=\box47
\@tempa=\box48
\@tempa=\box49
\c@columnbadness=\count93
\c@finalcolumnbadness=\count94
\last@try=\dimen108
\multicolovershoot=\dimen109
\multicolundershoot=\dimen110
\mult@nat@firstbox=\box50
\colbreak@box=\box51
)
(/usr/local/share/texmf-updates/tex/latex/oberdiek/aliascnt.sty
Package: aliascnt 2009/09/08 v1.3 Alias counter (HO)

(/usr/share/texmf-texlive/tex/latex/carlisle/remreset.sty))
\c@chapter=\count95
LaTeX Font Info:    Redeclaring math symbol \Gamma on input line 362.
LaTeX Font Info:    Redeclaring math symbol \Delta on input line 363.
LaTeX Font Info:    Redeclaring math symbol \Theta on input line 364.
LaTeX Font Info:    Redeclaring math symbol \Lambda on input line 365.
LaTeX Font Info:    Redeclaring math symbol \Xi on input line 366.
LaTeX Font Info:    Redeclaring math symbol \Pi on input line 367.
LaTeX Font Info:    Redeclaring math symbol \Sigma on input line 368.
LaTeX Font Info:    Redeclaring math symbol \Upsilon on input line 369.
LaTeX Font Info:    Redeclaring math symbol \Phi on input line 370.
LaTeX Font Info:    Redeclaring math symbol \Psi on input line 371.
LaTeX Font Info:    Redeclaring math symbol \Omega on input line 372.
\tocchpnum=\dimen111
\tocsecnum=\dimen112
\tocsectotal=\dimen113
\tocsubsecnum=\dimen114
\tocsubsectotal=\dimen115
\tocsubsubsecnum=\dimen116
\tocsubsubsectotal=\dimen117
\tocparanum=\dimen118
\tocparatotal=\dimen119
\tocsubparanum=\dimen120
\@tempcntc=\count96
\fnindent=\dimen121
\c@@inst=\count97
\c@@auth=\count98
\c@auco=\count99
\instindent=\dimen122
\authrun=\box52
\authorrunning=\toks14
\tocauthor=\toks15
\titrun=\box53
\titlerunning=\toks16
\toctitle=\toks17
\c@theorem=\count100
\c@case=\count101
\c@conjecture=\count102
\c@corollary=\count103
\c@definition=\count104
\c@example=\count105
\c@exercise=\count106
\c@lemma=\count107
\c@note=\count108
\c@problem=\count109
\c@property=\count110
\c@proposition=\count111
\c@question=\count112
\c@solution=\count113
\c@remark=\count114
\headlineindent=\dimen123
)
(/usr/share/texmf-texlive/tex/latex/base/inputenc.sty
Package: inputenc 2008/03/30 v1.1d Input encoding file
\inpenc@prehook=\toks18
\inpenc@posthook=\toks19

(/usr/share/texmf-texlive/tex/latex/ucs/utf8x.def
File: utf8x.def 2004/10/17 UCS: Input encoding UTF-8
))
(/usr/share/texmf-texlive/tex/latex/ucs/ucs.sty
Package: ucs 2004/10/17 UCS: Unicode input support

(/usr/share/texmf-texlive/tex/latex/ucs/data/uni-global.def
File: uni-global.def 2004/10/17 UCS: Unicode global data
)
\uc@secondtry=\count115
\uc@combtoks=\toks20
\uc@combtoksb=\toks21
\uc@temptokena=\toks22
)
(/usr/share/texmf-texlive/tex/latex/amsmath/amsmath.sty
Package: amsmath 2000/07/18 v2.13 AMS math features
\@mathmargin=\skip45

For additional information on amsmath, use the `?' option.
(/usr/share/texmf-texlive/tex/latex/amsmath/amstext.sty
Package: amstext 2000/06/29 v2.01

(/usr/share/texmf-texlive/tex/latex/amsmath/amsgen.sty
File: amsgen.sty 1999/11/30 v2.0
\@emptytoks=\toks23
\ex@=\dimen124
))
(/usr/share/texmf-texlive/tex/latex/amsmath/amsbsy.sty
Package: amsbsy 1999/11/29 v1.2d
\pmbraise@=\dimen125
)
(/usr/share/texmf-texlive/tex/latex/amsmath/amsopn.sty
Package: amsopn 1999/12/14 v2.01 operator names
)
\inf@bad=\count116
LaTeX Info: Redefining \frac on input line 211.
\uproot@=\count117
\leftroot@=\count118
LaTeX Info: Redefining \overline on input line 307.
\classnum@=\count119
\DOTSCASE@=\count120
LaTeX Info: Redefining \ldots on input line 379.
LaTeX Info: Redefining \dots on input line 382.
LaTeX Info: Redefining \cdots on input line 467.
\Mathstrutbox@=\box54
\strutbox@=\box55
\big@size=\dimen126
LaTeX Font Info:    Redeclaring font encoding OML on input line 567.
LaTeX Font Info:    Redeclaring font encoding OMS on input line 568.


Package amsmath Warning: Unable to redefine math accent \vec.

\macc@depth=\count121
\c@MaxMatrixCols=\count122
\dotsspace@=\muskip10
\c@parentequation=\count123
\dspbrk@lvl=\count124
\tag@help=\toks24
\row@=\count125
\column@=\count126
\maxfields@=\count127
\andhelp@=\toks25
\eqnshift@=\dimen127
\alignsep@=\dimen128
\tagshift@=\dimen129
\tagwidth@=\dimen130
\totwidth@=\dimen131
\lineht@=\dimen132
\@envbody=\toks26
\multlinegap=\skip46
\multlinetaggap=\skip47
\mathdisplay@stack=\toks27
LaTeX Info: Redefining \[ on input line 2666.
LaTeX Info: Redefining \] on input line 2667.
) (/usr/share/texmf-texlive/tex/latex/amsfonts/amssymb.sty
Package: amssymb 2009/06/22 v3.00

(/usr/share/texmf-texlive/tex/latex/amsfonts/amsfonts.sty
Package: amsfonts 2009/06/22 v3.00 Basic AMSFonts support
\symAMSa=\mathgroup4
\symAMSb=\mathgroup5
LaTeX Font Info:    Overwriting math alphabet `\mathfrak' in version `bold'
(Font)                  U/euf/m/n --> U/euf/b/n on input line 96.
))
(/usr/share/texmf-texlive/tex/latex/ltxmisc/url.sty
\Urlmuskip=\muskip11
Package: url 2006/04/12  ver 3.3  Verb mode for urls, etc.
)
(/usr/share/texmf-texlive/tex/latex/algorithm2e/algorithm2e.sty
Package: algorithm2e 2005/10/04 v3.9 algorithms environments
\c@AlgoLine=\count128

(/usr/share/texmf-texlive/tex/latex/base/ifthen.sty
Package: ifthen 2001/05/26 v1.1c Standard LaTeX ifthen package (DPC)
)
(/usr/share/texmf-texlive/tex/latex/tools/xspace.sty
Package: xspace 2006/05/08 v1.12 Space after command names (DPC,MH)
)
********************************************************
Package `algorithm2e' Release 3.9 -- october 04 2005 --
- algorithm2e-announce@lirmm.fr mailing list for announcement about releases
- algorithm2e-discussion@lirmm.fr mailing list for discussion about package
subscribe by emailing sympa@lirmm.fr with 'subscribe <list> <firstname name>'
- Author: Christophe Fiorio (fiorio@lirmm.fr)
********************************************************
\skiptotal=\skip48
\skiprule=\skip49
\skiphlne=\skip50
\skiptext=\skip51
\skiplength=\skip52
\algomargin=\skip53
\skipalgocfslide=\skip54
\algowidth=\dimen133
\inoutsize=\dimen134
\inoutline=\dimen135
\algocf@inoutbox=\box56
\algocf@inputbox=\box57
\AlCapSkip=\skip55
\AlCapHSkip=\skip56
\algocf@capbox=\box58
\c@algocfline=\count129
\c@algocf=\count130
\algocf@algoframe=\box59
\algocf@algobox=\box60
) (/usr/local/share/texmf-updates/tex/latex/pgf-2.10/basiclayer/pgf.sty
(/usr/local/share/texmf-updates/tex/latex/pgf-2.10/utilities/pgfrcs.sty
(/usr/local/share/texmf-updates/tex/generic/pgf-2.10/utilities/pgfutil-common.t
ex
\pgfutil@everybye=\toks28
)
(/usr/local/share/texmf-updates/tex/generic/pgf-2.10/utilities/pgfutil-latex.de
f
\pgfutil@abb=\box61
 (/usr/share/texmf-texlive/tex/latex/ms/everyshi.sty
Package: everyshi 2001/05/15 v3.00 EveryShipout Package (MS)
))
(/usr/local/share/texmf-updates/tex/generic/pgf-2.10/utilities/pgfrcs.code.tex
Package: pgfrcs 2010/10/25 v2.10 (rcs-revision 1.24)
))
Package: pgf 2008/01/15 v2.10 (rcs-revision 1.12)
 (/usr/local/share/texmf-updates/tex/latex/pgf-2.10/basiclayer/pgfcore.sty
(/usr/share/texmf-texlive/tex/latex/graphics/graphicx.sty
Package: graphicx 1999/02/16 v1.0f Enhanced LaTeX Graphics (DPC,SPQR)

(/usr/share/texmf-texlive/tex/latex/graphics/keyval.sty
Package: keyval 1999/03/16 v1.13 key=value parser (DPC)
\KV@toks@=\toks29
)
(/usr/share/texmf-texlive/tex/latex/graphics/graphics.sty
Package: graphics 2009/02/05 v1.0o Standard LaTeX Graphics (DPC,SPQR)

(/usr/share/texmf-texlive/tex/latex/graphics/trig.sty
Package: trig 1999/03/16 v1.09 sin cos tan (DPC)
)
(/etc/texmf/tex/latex/config/graphics.cfg
File: graphics.cfg 2009/08/28 v1.8 graphics configuration of TeX Live
)
Package graphics Info: Driver file: pdftex.def on input line 91.

(/usr/share/texmf-texlive/tex/latex/pdftex-def/pdftex.def
File: pdftex.def 2010/03/12 v0.04p Graphics/color for pdfTeX
\Gread@gobject=\count131
))
\Gin@req@height=\dimen136
\Gin@req@width=\dimen137
)
(/usr/local/share/texmf-updates/tex/latex/pgf-2.10/systemlayer/pgfsys.sty
(/usr/local/share/texmf-updates/tex/generic/pgf-2.10/systemlayer/pgfsys.code.te
x
Package: pgfsys 2010/06/30 v2.10 (rcs-revision 1.37)

(/usr/local/share/texmf-updates/tex/generic/pgf-2.10/utilities/pgfkeys.code.tex
\pgfkeys@pathtoks=\toks30
\pgfkeys@temptoks=\toks31

(/usr/local/share/texmf-updates/tex/generic/pgf-2.10/utilities/pgfkeysfiltered.
code.tex
\pgfkeys@tmptoks=\toks32
))
\pgf@x=\dimen138
\pgf@y=\dimen139
\pgf@xa=\dimen140
\pgf@ya=\dimen141
\pgf@xb=\dimen142
\pgf@yb=\dimen143
\pgf@xc=\dimen144
\pgf@yc=\dimen145
\w@pgf@writea=\write3
\r@pgf@reada=\read1
\c@pgf@counta=\count132
\c@pgf@countb=\count133
\c@pgf@countc=\count134
\c@pgf@countd=\count135

(/usr/local/share/texmf-updates/tex/generic/pgf-2.10/systemlayer/pgf.cfg
File: pgf.cfg 2008/05/14  (rcs-revision 1.7)
)
Package pgfsys Info: Driver file for pgf: pgfsys-pdftex.def on input line 900.

(/usr/local/share/texmf-updates/tex/generic/pgf-2.10/systemlayer/pgfsys-pdftex.
def
File: pgfsys-pdftex.def 2009/05/22  (rcs-revision 1.26)

(/usr/local/share/texmf-updates/tex/generic/pgf-2.10/systemlayer/pgfsys-common-
pdf.def
File: pgfsys-common-pdf.def 2008/05/19  (rcs-revision 1.10)
)))
(/usr/local/share/texmf-updates/tex/generic/pgf-2.10/systemlayer/pgfsyssoftpath
.code.tex
File: pgfsyssoftpath.code.tex 2008/07/18  (rcs-revision 1.7)
\pgfsyssoftpath@smallbuffer@items=\count136
\pgfsyssoftpath@bigbuffer@items=\count137
)
(/usr/local/share/texmf-updates/tex/generic/pgf-2.10/systemlayer/pgfsysprotocol
.code.tex
File: pgfsysprotocol.code.tex 2006/10/16  (rcs-revision 1.4)
)) (/usr/local/share/texmf-updates/tex/latex/xcolor-2.11/xcolor.sty
Package: xcolor 2007/01/21 v2.11 LaTeX color extensions (UK)

(/etc/texmf/tex/latex/config/color.cfg
File: color.cfg 2007/01/18 v1.5 color configuration of teTeX/TeXLive
)
Package xcolor Info: Driver file: pdftex.def on input line 225.
Package xcolor Info: Model `cmy' substituted by `cmy0' on input line 1337.
Package xcolor Info: Model `hsb' substituted by `rgb' on input line 1341.
Package xcolor Info: Model `RGB' extended on input line 1353.
Package xcolor Info: Model `HTML' substituted by `rgb' on input line 1355.
Package xcolor Info: Model `Hsb' substituted by `hsb' on input line 1356.
Package xcolor Info: Model `tHsb' substituted by `hsb' on input line 1357.
Package xcolor Info: Model `HSB' substituted by `hsb' on input line 1358.
Package xcolor Info: Model `Gray' substituted by `gray' on input line 1359.
Package xcolor Info: Model `wave' substituted by `hsb' on input line 1360.
)
(/usr/local/share/texmf-updates/tex/generic/pgf-2.10/basiclayer/pgfcore.code.te
x
Package: pgfcore 2010/04/11 v2.10 (rcs-revision 1.7)
 (/usr/local/share/texmf-updates/tex/generic/pgf-2.10/math/pgfmath.code.tex
(/usr/local/share/texmf-updates/tex/generic/pgf-2.10/math/pgfmathcalc.code.tex
(/usr/local/share/texmf-updates/tex/generic/pgf-2.10/math/pgfmathutil.code.tex)

(/usr/local/share/texmf-updates/tex/generic/pgf-2.10/math/pgfmathparser.code.te
x
\pgfmath@dimen=\dimen146
\pgfmath@count=\count138
\pgfmath@box=\box62
\pgfmath@toks=\toks33
\pgfmath@stack@operand=\toks34
\pgfmath@stack@operation=\toks35
)
(/usr/local/share/texmf-updates/tex/generic/pgf-2.10/math/pgfmathfunctions.code
.tex
(/usr/local/share/texmf-updates/tex/generic/pgf-2.10/math/pgfmathfunctions.basi
c.code.tex)
(/usr/local/share/texmf-updates/tex/generic/pgf-2.10/math/pgfmathfunctions.trig
onometric.code.tex)
(/usr/local/share/texmf-updates/tex/generic/pgf-2.10/math/pgfmathfunctions.rand
om.code.tex)
(/usr/local/share/texmf-updates/tex/generic/pgf-2.10/math/pgfmathfunctions.comp
arison.code.tex)
(/usr/local/share/texmf-updates/tex/generic/pgf-2.10/math/pgfmathfunctions.base
.code.tex)
(/usr/local/share/texmf-updates/tex/generic/pgf-2.10/math/pgfmathfunctions.roun
d.code.tex)
(/usr/local/share/texmf-updates/tex/generic/pgf-2.10/math/pgfmathfunctions.misc
.code.tex)))
(/usr/local/share/texmf-updates/tex/generic/pgf-2.10/math/pgfmathfloat.code.tex
\c@pgfmathroundto@lastzeros=\count139
))
(/usr/local/share/texmf-updates/tex/generic/pgf-2.10/basiclayer/pgfcorepoints.c
ode.tex
File: pgfcorepoints.code.tex 2010/04/09  (rcs-revision 1.20)
\pgf@picminx=\dimen147
\pgf@picmaxx=\dimen148
\pgf@picminy=\dimen149
\pgf@picmaxy=\dimen150
\pgf@pathminx=\dimen151
\pgf@pathmaxx=\dimen152
\pgf@pathminy=\dimen153
\pgf@pathmaxy=\dimen154
\pgf@xx=\dimen155
\pgf@xy=\dimen156
\pgf@yx=\dimen157
\pgf@yy=\dimen158
\pgf@zx=\dimen159
\pgf@zy=\dimen160
)
(/usr/local/share/texmf-updates/tex/generic/pgf-2.10/basiclayer/pgfcorepathcons
truct.code.tex
File: pgfcorepathconstruct.code.tex 2010/08/03  (rcs-revision 1.24)
\pgf@path@lastx=\dimen161
\pgf@path@lasty=\dimen162
)
(/usr/local/share/texmf-updates/tex/generic/pgf-2.10/basiclayer/pgfcorepathusag
e.code.tex
File: pgfcorepathusage.code.tex 2008/04/22  (rcs-revision 1.12)
\pgf@shorten@end@additional=\dimen163
\pgf@shorten@start@additional=\dimen164
)
(/usr/local/share/texmf-updates/tex/generic/pgf-2.10/basiclayer/pgfcorescopes.c
ode.tex
File: pgfcorescopes.code.tex 2010/09/08  (rcs-revision 1.34)
\pgfpic=\box63
\pgf@hbox=\box64
\pgf@layerbox@main=\box65
\pgf@picture@serial@count=\count140
)
(/usr/local/share/texmf-updates/tex/generic/pgf-2.10/basiclayer/pgfcoregraphics
tate.code.tex
File: pgfcoregraphicstate.code.tex 2008/04/22  (rcs-revision 1.9)
\pgflinewidth=\dimen165
)
(/usr/local/share/texmf-updates/tex/generic/pgf-2.10/basiclayer/pgfcoretransfor
mations.code.tex
File: pgfcoretransformations.code.tex 2009/06/10  (rcs-revision 1.11)
\pgf@pt@x=\dimen166
\pgf@pt@y=\dimen167
\pgf@pt@temp=\dimen168
)
(/usr/local/share/texmf-updates/tex/generic/pgf-2.10/basiclayer/pgfcorequick.co
de.tex
File: pgfcorequick.code.tex 2008/10/09  (rcs-revision 1.3)
)
(/usr/local/share/texmf-updates/tex/generic/pgf-2.10/basiclayer/pgfcoreobjects.
code.tex
File: pgfcoreobjects.code.tex 2006/10/11  (rcs-revision 1.2)
)
(/usr/local/share/texmf-updates/tex/generic/pgf-2.10/basiclayer/pgfcorepathproc
essing.code.tex
File: pgfcorepathprocessing.code.tex 2008/10/09  (rcs-revision 1.8)
)
(/usr/local/share/texmf-updates/tex/generic/pgf-2.10/basiclayer/pgfcorearrows.c
ode.tex
File: pgfcorearrows.code.tex 2008/04/23  (rcs-revision 1.11)
)
(/usr/local/share/texmf-updates/tex/generic/pgf-2.10/basiclayer/pgfcoreshade.co
de.tex
File: pgfcoreshade.code.tex 2008/11/23  (rcs-revision 1.13)
\pgf@max=\dimen169
\pgf@sys@shading@range@num=\count141
)
(/usr/local/share/texmf-updates/tex/generic/pgf-2.10/basiclayer/pgfcoreimage.co
de.tex
File: pgfcoreimage.code.tex 2010/03/25  (rcs-revision 1.16)

(/usr/local/share/texmf-updates/tex/generic/pgf-2.10/basiclayer/pgfcoreexternal
.code.tex
File: pgfcoreexternal.code.tex 2010/09/01  (rcs-revision 1.17)
\pgfexternal@startupbox=\box66
))
(/usr/local/share/texmf-updates/tex/generic/pgf-2.10/basiclayer/pgfcorelayers.c
ode.tex
File: pgfcorelayers.code.tex 2010/08/27  (rcs-revision 1.2)
)
(/usr/local/share/texmf-updates/tex/generic/pgf-2.10/basiclayer/pgfcoretranspar
ency.code.tex
File: pgfcoretransparency.code.tex 2008/01/17  (rcs-revision 1.2)
)
(/usr/local/share/texmf-updates/tex/generic/pgf-2.10/basiclayer/pgfcorepatterns
.code.tex
File: pgfcorepatterns.code.tex 2009/07/02  (rcs-revision 1.3)
)))
(/usr/local/share/texmf-updates/tex/generic/pgf-2.10/modules/pgfmoduleshapes.co
de.tex
File: pgfmoduleshapes.code.tex 2010/09/09  (rcs-revision 1.13)
\pgfnodeparttextbox=\box67
)
(/usr/local/share/texmf-updates/tex/generic/pgf-2.10/modules/pgfmoduleplot.code
.tex
File: pgfmoduleplot.code.tex 2010/10/22  (rcs-revision 1.8)
)
(/usr/local/share/texmf-updates/tex/latex/pgf-2.10/compatibility/pgfcomp-versio
n-0-65.sty
Package: pgfcomp-version-0-65 2007/07/03 v2.10 (rcs-revision 1.7)
\pgf@nodesepstart=\dimen170
\pgf@nodesepend=\dimen171
)
(/usr/local/share/texmf-updates/tex/latex/pgf-2.10/compatibility/pgfcomp-versio
n-1-18.sty
Package: pgfcomp-version-1-18 2007/07/23 v2.10 (rcs-revision 1.1)
))
(/usr/local/share/texmf-updates/tex/latex/pgf-2.10/frontendlayer/tikz.sty
(/usr/local/share/texmf-updates/tex/latex/pgf-2.10/utilities/pgffor.sty
(/usr/local/share/texmf-updates/tex/latex/pgf-2.10/utilities/pgfkeys.sty
(/usr/local/share/texmf-updates/tex/generic/pgf-2.10/utilities/pgfkeys.code.tex
))
(/usr/local/share/texmf-updates/tex/generic/pgf-2.10/utilities/pgffor.code.tex
Package: pgffor 2010/03/23 v2.10 (rcs-revision 1.18)
\pgffor@iter=\dimen172
\pgffor@skip=\dimen173
\pgffor@stack=\toks36
\pgffor@toks=\toks37
))
(/usr/local/share/texmf-updates/tex/generic/pgf-2.10/frontendlayer/tikz/tikz.co
de.tex
Package: tikz 2010/10/13 v2.10 (rcs-revision 1.76)

(/usr/local/share/texmf-updates/tex/generic/pgf-2.10/libraries/pgflibraryplotha
ndlers.code.tex
File: pgflibraryplothandlers.code.tex 2010/05/31 v2.10 (rcs-revision 1.15)
\pgf@plot@mark@count=\count142
\pgfplotmarksize=\dimen174
)
\tikz@lastx=\dimen175
\tikz@lasty=\dimen176
\tikz@lastxsaved=\dimen177
\tikz@lastysaved=\dimen178
\tikzleveldistance=\dimen179
\tikzsiblingdistance=\dimen180
\tikz@figbox=\box68
\tikz@tempbox=\box69
\tikztreelevel=\count143
\tikznumberofchildren=\count144
\tikznumberofcurrentchild=\count145
\tikz@fig@count=\count146

(/usr/local/share/texmf-updates/tex/generic/pgf-2.10/modules/pgfmodulematrix.co
de.tex
File: pgfmodulematrix.code.tex 2010/08/24  (rcs-revision 1.4)
\pgfmatrixcurrentrow=\count147
\pgfmatrixcurrentcolumn=\count148
\pgf@matrix@numberofcolumns=\count149
)
\tikz@expandcount=\count150

(/usr/local/share/texmf-updates/tex/generic/pgf-2.10/frontendlayer/tikz/librari
es/tikzlibrarytopaths.code.tex
File: tikzlibrarytopaths.code.tex 2008/06/17 v2.10 (rcs-revision 1.2)
))) (./2012-03-05-IMITATOR-FM.aux)
\openout1 = `2012-03-05-IMITATOR-FM.aux'.

LaTeX Font Info:    Checking defaults for OML/cmm/m/it on input line 334.
LaTeX Font Info:    ... okay on input line 334.
LaTeX Font Info:    Checking defaults for T1/cmr/m/n on input line 334.
LaTeX Font Info:    ... okay on input line 334.
LaTeX Font Info:    Checking defaults for OT1/cmr/m/n on input line 334.
LaTeX Font Info:    ... okay on input line 334.
LaTeX Font Info:    Checking defaults for OMS/cmsy/m/n on input line 334.
LaTeX Font Info:    ... okay on input line 334.
LaTeX Font Info:    Checking defaults for OMX/cmex/m/n on input line 334.
LaTeX Font Info:    ... okay on input line 334.
LaTeX Font Info:    Checking defaults for U/cmr/m/n on input line 334.
LaTeX Font Info:    ... okay on input line 334.

(/usr/share/texmf-texlive/tex/latex/ucs/ucsencs.def
File: ucsencs.def 2003/11/29 Fixes to fontencodings LGR, T3
)
ABD: EveryShipout initializing macros
(/usr/share/texmf-texlive/tex/context/base/supp-pdf.mkii
[Loading MPS to PDF converter (version 2006.09.02).]
\scratchcounter=\count151
\scratchdimen=\dimen181
\scratchbox=\box70
\nofMPsegments=\count152
\nofMParguments=\count153
\everyMPshowfont=\toks38
\MPscratchCnt=\count154
\MPscratchDim=\dimen182
\MPnumerator=\count155
\everyMPtoPDFconversion=\toks39
)
LaTeX Font Info:    Try loading font information for U+msa on input line 336.
 (/usr/share/texmf-texlive/tex/latex/amsfonts/umsa.fd
File: umsa.fd 2009/06/22 v3.00 AMS symbols A
)
LaTeX Font Info:    Try loading font information for U+msb on input line 336.

(/usr/share/texmf-texlive/tex/latex/amsfonts/umsb.fd
File: umsb.fd 2009/06/22 v3.00 AMS symbols B
)
(/usr/share/texmf-texlive/tex/latex/ucs/data/uni-0.def
File: uni-0.def 2004/10/17 UCS: Unicode data U+0000..U+00FF
) [1

{/var/lib/texmf/fonts/map/pdftex/updmap/pdftex.map}] [2] [3] (./2012-03-05-IMIT
ATOR-FM.bbl) [4]
<./figures/scheduling.jpg, id=36, 498.86375pt x 102.3825pt>
File: ./figures/scheduling.jpg Graphic file (type jpg)

<use ./figures/scheduling.jpg>
<./figures/geom.jpg, id=37, 286.06876pt x 194.7275pt>
File: ./figures/geom.jpg Graphic file (type jpg)
 <use ./figures/geom.jpg>
<./figures/traceset.jpg, id=38, 1928.20375pt x 1416.29124pt>
File: ./figures/traceset.jpg Graphic file (type jpg)

<use ./figures/traceset.jpg> [5 <./figures/scheduling.jpg> <./figures/geom.jpg>
 <./figures/traceset.jpg>]
<./figures/C1-C2.png, id=42, 315.42844pt x 321.45094pt>
File: ./figures/C1-C2.png Graphic file (type png)

<use ./figures/C1-C2.png> [6 <./figures/C1-C2.png>]
(./2012-03-05-IMITATOR-FM.aux) ) 
Here is how much of TeX's memory you used:
 12601 strings out of 493848
 220055 string characters out of 1152823
 296530 words of memory out of 3000000
 15631 multiletter control sequences out of 15000+50000
 13243 words of font info for 50 fonts, out of 3000000 for 9000
 714 hyphenation exceptions out of 8191
 49i,11n,53p,428b,675s stack positions out of 5000i,500n,10000p,200000b,50000s
</usr/share/texmf-texlive/fonts/type1/public/am
sfonts/cm/cmbx10.pfb></usr/share/texmf-texlive/fonts/type1/public/amsfonts/cm/c
mbx12.pfb></usr/share/texmf-texlive/fonts/type1/public/amsfonts/cm/cmbx9.pfb></
usr/share/texmf-texlive/fonts/type1/public/amsfonts/cm/cmcsc10.pfb></usr/share/
texmf-texlive/fonts/type1/public/amsfonts/cm/cmmi10.pfb></usr/share/texmf-texli
ve/fonts/type1/public/amsfonts/cm/cmmi7.pfb></usr/share/texmf-texlive/fonts/typ
e1/public/amsfonts/cm/cmmi9.pfb></usr/share/texmf-texlive/fonts/type1/public/am
sfonts/cm/cmr10.pfb></usr/share/texmf-texlive/fonts/type1/public/amsfonts/cm/cm
r6.pfb></usr/share/texmf-texlive/fonts/type1/public/amsfonts/cm/cmr7.pfb></usr/
share/texmf-texlive/fonts/type1/public/amsfonts/cm/cmr9.pfb></usr/share/texmf-t
exlive/fonts/type1/public/amsfonts/cm/cmsy10.pfb></usr/share/texmf-texlive/font
s/type1/public/amsfonts/cm/cmsy7.pfb></usr/share/texmf-texlive/fonts/type1/publ
ic/amsfonts/cm/cmsy9.pfb></usr/share/texmf-texlive/fonts/type1/public/amsfonts/
cm/cmti10.pfb></usr/share/texmf-texlive/fonts/type1/public/amsfonts/cm/cmti9.pf
b></usr/share/texmf-texlive/fonts/type1/public/amsfonts/cm/cmtt10.pfb></usr/sha
re/texmf-texlive/fonts/type1/public/amsfonts/cm/cmtt9.pfb>
Output written on 2012-03-05-IMITATOR-FM.pdf (6 pages, 510138 bytes).
PDF statistics:
 104 PDF objects out of 1000 (max. 8388607)
 0 named destinations out of 1000 (max. 500000)
 39 words of extra memory for PDF output out of 10000 (max. 10000000)

